<?xml version="1.0" encoding="UTF-8"?>
<testsuite xmlns:xsi="http://www.w3.org/2001/XMLSchema-instance" xsi:noNamespaceSchemaLocation="https://maven.apache.org/surefire/maven-surefire-plugin/xsd/surefire-test-report-3.0.xsd" version="3.0" name="fr.hb.ElectricBusiness.repository.BorneRepositoryTest" time="0.935" tests="2" errors="0" skipped="0" failures="0">
  <properties>
[...]
</properties>
  <testcase name="testGet" classname="fr.hb.ElectricBusiness.repository.BorneRepositoryTest" time="0.129">
    <system-out><![CDATA[2024-10-16T13:39:18.341+02:00  INFO 30252 --- [ElectricBusiness] [           main] t.c.s.AnnotationConfigContextLoaderUtils : Could not detect default configuration classes for test class [fr.hb.ElectricBusiness.repository.BorneRepositoryTest]: BorneRepositoryTest does not declare any static, non-private, non-final, nested classes annotated with @Configuration.
2024-10-16T13:39:18.384+02:00  INFO 30252 --- [ElectricBusiness] [           main] .b.t.c.SpringBootTestContextBootstrapper : Found @SpringBootConfiguration fr.hb.ElectricBusiness.ElectricBusinessApplication for test class fr.hb.ElectricBusiness.repository.BorneRepositoryTest

  .   ____          _            __ _ _
 /\\ / ___'_ __ _ _(_)_ __  __ _ \ \ \ \
( ( )\___ | '_ | '_| | '_ \/ _` | \ \ \ \
 \\/  ___)| |_)| | | | | || (_| |  ) ) ) )
  '  |____| .__|_| |_|_| |_\__, | / / / /
 =========|_|==============|___/=/_/_/_/

 :: Spring Boot ::                (v3.3.4)

2024-10-16T13:39:18.451+02:00  INFO 30252 --- [ElectricBusiness] [           main] f.h.E.repository.BorneRepositoryTest     : Starting BorneRepositoryTest using Java 22.0.1 with PID 30252 (started by lalch in C:\Users\lalch\CDACode\ElectricBusiness)
2024-10-16T13:39:18.451+02:00  INFO 30252 --- [ElectricBusiness] [           main] f.h.E.repository.BorneRepositoryTest     : No active profile set, falling back to 1 default profile: "default"
2024-10-16T13:39:18.598+02:00  INFO 30252 --- [ElectricBusiness] [           main] .s.d.r.c.RepositoryConfigurationDelegate : Bootstrapping Spring Data JPA repositories in DEFAULT mode.
2024-10-16T13:39:18.627+02:00  INFO 30252 --- [ElectricBusiness] [           main] .s.d.r.c.RepositoryConfigurationDelegate : Finished Spring Data repository scanning in 28 ms. Found 4 JPA repository interfaces.
2024-10-16T13:39:18.645+02:00  INFO 30252 --- [ElectricBusiness] [           main] beddedDataSourceBeanFactoryPostProcessor : Replacing 'dataSource' DataSource bean with embedded version
2024-10-16T13:39:18.683+02:00  INFO 30252 --- [ElectricBusiness] [           main] o.s.j.d.e.EmbeddedDatabaseFactory        : Starting embedded database: url='jdbc:h2:mem:0fcf485a-b868-4228-bb1b-b3d81548cd82;DB_CLOSE_DELAY=-1;DB_CLOSE_ON_EXIT=false', username='sa'
2024-10-16T13:39:18.719+02:00  INFO 30252 --- [ElectricBusiness] [           main] o.hibernate.jpa.internal.util.LogHelper  : HHH000204: Processing PersistenceUnitInfo [name: default]
2024-10-16T13:39:18.725+02:00  INFO 30252 --- [ElectricBusiness] [           main] o.h.c.internal.RegionFactoryInitiator    : HHH000026: Second-level cache disabled
2024-10-16T13:39:18.743+02:00  INFO 30252 --- [ElectricBusiness] [           main] o.s.o.j.p.SpringPersistenceUnitInfo      : No LoadTimeWeaver setup: ignoring JPA class transformer
2024-10-16T13:39:18.937+02:00  INFO 30252 --- [ElectricBusiness] [           main] o.h.m.i.EntityInstantiatorPojoStandard   : HHH000182: No default (no-argument) constructor for class: fr.hb.ElectricBusiness.business.Utilisateur (class must be instantiated by Interceptor)
2024-10-16T13:39:19.022+02:00  INFO 30252 --- [ElectricBusiness] [           main] o.h.e.t.j.p.i.JtaPlatformInitiator       : HHH000489: No JTA platform available (set 'hibernate.transaction.jta.platform' to enable JTA platform integration)
Hibernate: create table borne (id bigint generated by default as identity, est_disponible boolean, instruction varchar(255), latitude bigint not null, longtitude bigint not null, nom varchar(255), photo varchar(255), prix bigint not null, puissance bigint not null, sur_pied boolean, lieu_id bigint, utilisateur_id bigint, primary key (id))
Hibernate: create table lieu (id bigint generated by default as identity, adresse varchar(255), code_postal varchar(255), ville varchar(255), primary key (id))
Hibernate: create table reservation (id bigint not null, borne_id bigint, primary key (id))
Hibernate: create table utilisateur (id bigint generated by default as identity, ville varchar(255), adresse varchar(255), code_postal integer not null, date_de_naissance date, email varchar(255), mot_de_passe varchar(255), nom varchar(255), numero bigint, prenom varchar(255), role varchar(255), telephone varchar(255), primary key (id))
Hibernate: create sequence reservation_seq start with 1 increment by 50
Hibernate: alter table if exists borne add constraint FKn9u1lia55xeccobjryo8375yt foreign key (lieu_id) references lieu
Hibernate: alter table if exists borne add constraint FKpun8qpw78uuh2sq1bg27tly6t foreign key (utilisateur_id) references utilisateur
Hibernate: alter table if exists reservation add constraint FKbqxbf4n7wkrt9ab9sw9xaumf4 foreign key (borne_id) references borne
2024-10-16T13:39:19.036+02:00  INFO 30252 --- [ElectricBusiness] [           main] j.LocalContainerEntityManagerFactoryBean : Initialized JPA EntityManagerFactory for persistence unit 'default'
2024-10-16T13:39:19.122+02:00  INFO 30252 --- [ElectricBusiness] [           main] f.h.E.repository.BorneRepositoryTest     : Started BorneRepositoryTest in 0.732 seconds (process running for 15.252)
Hibernate: insert into borne (est_disponible,instruction,latitude,lieu_id,longtitude,nom,photo,prix,puissance,sur_pied,utilisateur_id,id) values (?,?,?,?,?,?,?,?,?,?,?,default)
]]></system-out>
  </testcase>
  <testcase name="testSave" classname="fr.hb.ElectricBusiness.repository.BorneRepositoryTest" time="0.009">
    <system-out><![CDATA[Hibernate: insert into borne (est_disponible,instruction,latitude,lieu_id,longtitude,nom,photo,prix,puissance,sur_pied,utilisateur_id,id) values (?,?,?,?,?,?,?,?,?,?,?,default)
]]></system-out>
  </testcase>
</testsuite>